[2025-05-06 06:17:19] local.ERROR: SQLSTATE[42S02]: Base table or view not found: 1146 Table 'sasusitcom_goly_update.cache' doesn't exist (Connection: mysql, SQL: delete from `cache` where `key` = illuminate:schedule:interrupt) {"exception":"[object] (Illuminate\\Database\\QueryException(code: 42S02): SQLSTATE[42S02]: Base table or view not found: 1146 Table 'sasusitcom_goly_update.cache' doesn't exist (Connection: mysql, SQL: delete from `cache` where `key` = illuminate:schedule:interrupt) at /home/sasusitcom/goly.link/vendor/laravel/framework/src/Illuminate/Database/Connection.php:813)
[stacktrace]
#0 /home/sasusitcom/goly.link/vendor/laravel/framework/src/Illuminate/Database/Connection.php(767): Illuminate\\Database\\Connection->runQueryCallback()
#1 /home/sasusitcom/goly.link/vendor/laravel/framework/src/Illuminate/Database/Connection.php(584): Illuminate\\Database\\Connection->run()
#2 /home/sasusitcom/goly.link/vendor/laravel/framework/src/Illuminate/Database/Connection.php(548): Illuminate\\Database\\Connection->affectingStatement()
#3 /home/sasusitcom/goly.link/vendor/laravel/framework/src/Illuminate/Database/Query/Builder.php(3922): Illuminate\\Database\\Connection->delete()
#4 /home/sasusitcom/goly.link/vendor/laravel/framework/src/Illuminate/Cache/DatabaseStore.php(312): Illuminate\\Database\\Query\\Builder->delete()
#5 /home/sasusitcom/goly.link/vendor/laravel/framework/src/Illuminate/Cache/Repository.php(459): Illuminate\\Cache\\DatabaseStore->forget()
#6 /home/sasusitcom/goly.link/vendor/laravel/framework/src/Illuminate/Console/Scheduling/ScheduleRunCommand.php(278): Illuminate\\Cache\\Repository->forget()
#7 /home/sasusitcom/goly.link/vendor/laravel/framework/src/Illuminate/Console/Scheduling/ScheduleRunCommand.php(115): Illuminate\\Console\\Scheduling\\ScheduleRunCommand->clearInterruptSignal()
#8 /home/sasusitcom/goly.link/vendor/laravel/framework/src/Illuminate/Container/BoundMethod.php(36): Illuminate\\Console\\Scheduling\\ScheduleRunCommand->handle()
#9 /home/sasusitcom/goly.link/vendor/laravel/framework/src/Illuminate/Container/Util.php(41): Illuminate\\Container\\BoundMethod::Illuminate\\Container\\{closure}()
#10 /home/sasusitcom/goly.link/vendor/laravel/framework/src/Illuminate/Container/BoundMethod.php(93): Illuminate\\Container\\Util::unwrapIfClosure()
#11 /home/sasusitcom/goly.link/vendor/laravel/framework/src/Illuminate/Container/BoundMethod.php(35): Illuminate\\Container\\BoundMethod::callBoundMethod()
#12 /home/sasusitcom/goly.link/vendor/laravel/framework/src/Illuminate/Container/Container.php(662): Illuminate\\Container\\BoundMethod::call()
#13 /home/sasusitcom/goly.link/vendor/laravel/framework/src/Illuminate/Console/Command.php(213): Illuminate\\Container\\Container->call()
#14 /home/sasusitcom/goly.link/vendor/symfony/console/Command/Command.php(279): Illuminate\\Console\\Command->execute()
#15 /home/sasusitcom/goly.link/vendor/laravel/framework/src/Illuminate/Console/Command.php(182): Symfony\\Component\\Console\\Command\\Command->run()
#16 /home/sasusitcom/goly.link/vendor/symfony/console/Application.php(1047): Illuminate\\Console\\Command->run()
#17 /home/sasusitcom/goly.link/vendor/symfony/console/Application.php(316): Symfony\\Component\\Console\\Application->doRunCommand()
#18 /home/sasusitcom/goly.link/vendor/symfony/console/Application.php(167): Symfony\\Component\\Console\\Application->doRun()
#19 /home/sasusitcom/goly.link/vendor/laravel/framework/src/Illuminate/Foundation/Console/Kernel.php(196): Symfony\\Component\\Console\\Application->run()
#20 /home/sasusitcom/goly.link/vendor/laravel/framework/src/Illuminate/Foundation/Application.php(1198): Illuminate\\Foundation\\Console\\Kernel->handle()
#21 /home/sasusitcom/goly.link/artisan(13): Illuminate\\Foundation\\Application->handleCommand()
#22 {main}

[previous exception] [object] (PDOException(code: 42S02): SQLSTATE[42S02]: Base table or view not found: 1146 Table 'sasusitcom_goly_update.cache' doesn't exist at /home/sasusitcom/goly.link/vendor/laravel/framework/src/Illuminate/Database/Connection.php:592)
[stacktrace]
#0 /home/sasusitcom/goly.link/vendor/laravel/framework/src/Illuminate/Database/Connection.php(592): PDO->prepare()
#1 /home/sasusitcom/goly.link/vendor/laravel/framework/src/Illuminate/Database/Connection.php(800): Illuminate\\Database\\Connection->Illuminate\\Database\\{closure}()
#2 /home/sasusitcom/goly.link/vendor/laravel/framework/src/Illuminate/Database/Connection.php(767): Illuminate\\Database\\Connection->runQueryCallback()
#3 /home/sasusitcom/goly.link/vendor/laravel/framework/src/Illuminate/Database/Connection.php(584): Illuminate\\Database\\Connection->run()
#4 /home/sasusitcom/goly.link/vendor/laravel/framework/src/Illuminate/Database/Connection.php(548): Illuminate\\Database\\Connection->affectingStatement()
#5 /home/sasusitcom/goly.link/vendor/laravel/framework/src/Illuminate/Database/Query/Builder.php(3922): Illuminate\\Database\\Connection->delete()
#6 /home/sasusitcom/goly.link/vendor/laravel/framework/src/Illuminate/Cache/DatabaseStore.php(312): Illuminate\\Database\\Query\\Builder->delete()
#7 /home/sasusitcom/goly.link/vendor/laravel/framework/src/Illuminate/Cache/Repository.php(459): Illuminate\\Cache\\DatabaseStore->forget()
#8 /home/sasusitcom/goly.link/vendor/laravel/framework/src/Illuminate/Console/Scheduling/ScheduleRunCommand.php(278): Illuminate\\Cache\\Repository->forget()
#9 /home/sasusitcom/goly.link/vendor/laravel/framework/src/Illuminate/Console/Scheduling/ScheduleRunCommand.php(115): Illuminate\\Console\\Scheduling\\ScheduleRunCommand->clearInterruptSignal()
#10 /home/sasusitcom/goly.link/vendor/laravel/framework/src/Illuminate/Container/BoundMethod.php(36): Illuminate\\Console\\Scheduling\\ScheduleRunCommand->handle()
#11 /home/sasusitcom/goly.link/vendor/laravel/framework/src/Illuminate/Container/Util.php(41): Illuminate\\Container\\BoundMethod::Illuminate\\Container\\{closure}()
#12 /home/sasusitcom/goly.link/vendor/laravel/framework/src/Illuminate/Container/BoundMethod.php(93): Illuminate\\Container\\Util::unwrapIfClosure()
#13 /home/sasusitcom/goly.link/vendor/laravel/framework/src/Illuminate/Container/BoundMethod.php(35): Illuminate\\Container\\BoundMethod::callBoundMethod()
#14 /home/sasusitcom/goly.link/vendor/laravel/framework/src/Illuminate/Container/Container.php(662): Illuminate\\Container\\BoundMethod::call()
#15 /home/sasusitcom/goly.link/vendor/laravel/framework/src/Illuminate/Console/Command.php(213): Illuminate\\Container\\Container->call()
#16 /home/sasusitcom/goly.link/vendor/symfony/console/Command/Command.php(279): Illuminate\\Console\\Command->execute()
#17 /home/sasusitcom/goly.link/vendor/laravel/framework/src/Illuminate/Console/Command.php(182): Symfony\\Component\\Console\\Command\\Command->run()
#18 /home/sasusitcom/goly.link/vendor/symfony/console/Application.php(1047): Illuminate\\Console\\Command->run()
#19 /home/sasusitcom/goly.link/vendor/symfony/console/Application.php(316): Symfony\\Component\\Console\\Application->doRunCommand()
#20 /home/sasusitcom/goly.link/vendor/symfony/console/Application.php(167): Symfony\\Component\\Console\\Application->doRun()
#21 /home/sasusitcom/goly.link/vendor/laravel/framework/src/Illuminate/Foundation/Console/Kernel.php(196): Symfony\\Component\\Console\\Application->run()
#22 /home/sasusitcom/goly.link/vendor/laravel/framework/src/Illuminate/Foundation/Application.php(1198): Illuminate\\Foundation\\Console\\Kernel->handle()
#23 /home/sasusitcom/goly.link/artisan(13): Illuminate\\Foundation\\Application->handleCommand()
#24 {main}
"} 
[2025-05-06 06:18:18] local.ERROR: SQLSTATE[42S02]: Base table or view not found: 1146 Table 'sasusitcom_goly_update.cache' doesn't exist (Connection: mysql, SQL: delete from `cache` where `key` = illuminate:schedule:interrupt) {"exception":"[object] (Illuminate\\Database\\QueryException(code: 42S02): SQLSTATE[42S02]: Base table or view not found: 1146 Table 'sasusitcom_goly_update.cache' doesn't exist (Connection: mysql, SQL: delete from `cache` where `key` = illuminate:schedule:interrupt) at /home/sasusitcom/goly.link/vendor/laravel/framework/src/Illuminate/Database/Connection.php:813)
[stacktrace]
#0 /home/sasusitcom/goly.link/vendor/laravel/framework/src/Illuminate/Database/Connection.php(767): Illuminate\\Database\\Connection->runQueryCallback()
#1 /home/sasusitcom/goly.link/vendor/laravel/framework/src/Illuminate/Database/Connection.php(584): Illuminate\\Database\\Connection->run()
#2 /home/sasusitcom/goly.link/vendor/laravel/framework/src/Illuminate/Database/Connection.php(548): Illuminate\\Database\\Connection->affectingStatement()
#3 /home/sasusitcom/goly.link/vendor/laravel/framework/src/Illuminate/Database/Query/Builder.php(3922): Illuminate\\Database\\Connection->delete()
#4 /home/sasusitcom/goly.link/vendor/laravel/framework/src/Illuminate/Cache/DatabaseStore.php(312): Illuminate\\Database\\Query\\Builder->delete()
#5 /home/sasusitcom/goly.link/vendor/laravel/framework/src/Illuminate/Cache/Repository.php(459): Illuminate\\Cache\\DatabaseStore->forget()
#6 /home/sasusitcom/goly.link/vendor/laravel/framework/src/Illuminate/Console/Scheduling/ScheduleRunCommand.php(278): Illuminate\\Cache\\Repository->forget()
#7 /home/sasusitcom/goly.link/vendor/laravel/framework/src/Illuminate/Console/Scheduling/ScheduleRunCommand.php(115): Illuminate\\Console\\Scheduling\\ScheduleRunCommand->clearInterruptSignal()
#8 /home/sasusitcom/goly.link/vendor/laravel/framework/src/Illuminate/Container/BoundMethod.php(36): Illuminate\\Console\\Scheduling\\ScheduleRunCommand->handle()
#9 /home/sasusitcom/goly.link/vendor/laravel/framework/src/Illuminate/Container/Util.php(41): Illuminate\\Container\\BoundMethod::Illuminate\\Container\\{closure}()
#10 /home/sasusitcom/goly.link/vendor/laravel/framework/src/Illuminate/Container/BoundMethod.php(93): Illuminate\\Container\\Util::unwrapIfClosure()
#11 /home/sasusitcom/goly.link/vendor/laravel/framework/src/Illuminate/Container/BoundMethod.php(35): Illuminate\\Container\\BoundMethod::callBoundMethod()
#12 /home/sasusitcom/goly.link/vendor/laravel/framework/src/Illuminate/Container/Container.php(662): Illuminate\\Container\\BoundMethod::call()
#13 /home/sasusitcom/goly.link/vendor/laravel/framework/src/Illuminate/Console/Command.php(213): Illuminate\\Container\\Container->call()
#14 /home/sasusitcom/goly.link/vendor/symfony/console/Command/Command.php(279): Illuminate\\Console\\Command->execute()
#15 /home/sasusitcom/goly.link/vendor/laravel/framework/src/Illuminate/Console/Command.php(182): Symfony\\Component\\Console\\Command\\Command->run()
#16 /home/sasusitcom/goly.link/vendor/symfony/console/Application.php(1047): Illuminate\\Console\\Command->run()
#17 /home/sasusitcom/goly.link/vendor/symfony/console/Application.php(316): Symfony\\Component\\Console\\Application->doRunCommand()
#18 /home/sasusitcom/goly.link/vendor/symfony/console/Application.php(167): Symfony\\Component\\Console\\Application->doRun()
#19 /home/sasusitcom/goly.link/vendor/laravel/framework/src/Illuminate/Foundation/Console/Kernel.php(196): Symfony\\Component\\Console\\Application->run()
#20 /home/sasusitcom/goly.link/vendor/laravel/framework/src/Illuminate/Foundation/Application.php(1198): Illuminate\\Foundation\\Console\\Kernel->handle()
#21 /home/sasusitcom/goly.link/artisan(13): Illuminate\\Foundation\\Application->handleCommand()
#22 {main}

[previous exception] [object] (PDOException(code: 42S02): SQLSTATE[42S02]: Base table or view not found: 1146 Table 'sasusitcom_goly_update.cache' doesn't exist at /home/sasusitcom/goly.link/vendor/laravel/framework/src/Illuminate/Database/Connection.php:592)
[stacktrace]
#0 /home/sasusitcom/goly.link/vendor/laravel/framework/src/Illuminate/Database/Connection.php(592): PDO->prepare()
#1 /home/sasusitcom/goly.link/vendor/laravel/framework/src/Illuminate/Database/Connection.php(800): Illuminate\\Database\\Connection->Illuminate\\Database\\{closure}()
#2 /home/sasusitcom/goly.link/vendor/laravel/framework/src/Illuminate/Database/Connection.php(767): Illuminate\\Database\\Connection->runQueryCallback()
#3 /home/sasusitcom/goly.link/vendor/laravel/framework/src/Illuminate/Database/Connection.php(584): Illuminate\\Database\\Connection->run()
#4 /home/sasusitcom/goly.link/vendor/laravel/framework/src/Illuminate/Database/Connection.php(548): Illuminate\\Database\\Connection->affectingStatement()
#5 /home/sasusitcom/goly.link/vendor/laravel/framework/src/Illuminate/Database/Query/Builder.php(3922): Illuminate\\Database\\Connection->delete()
#6 /home/sasusitcom/goly.link/vendor/laravel/framework/src/Illuminate/Cache/DatabaseStore.php(312): Illuminate\\Database\\Query\\Builder->delete()
#7 /home/sasusitcom/goly.link/vendor/laravel/framework/src/Illuminate/Cache/Repository.php(459): Illuminate\\Cache\\DatabaseStore->forget()
#8 /home/sasusitcom/goly.link/vendor/laravel/framework/src/Illuminate/Console/Scheduling/ScheduleRunCommand.php(278): Illuminate\\Cache\\Repository->forget()
#9 /home/sasusitcom/goly.link/vendor/laravel/framework/src/Illuminate/Console/Scheduling/ScheduleRunCommand.php(115): Illuminate\\Console\\Scheduling\\ScheduleRunCommand->clearInterruptSignal()
#10 /home/sasusitcom/goly.link/vendor/laravel/framework/src/Illuminate/Container/BoundMethod.php(36): Illuminate\\Console\\Scheduling\\ScheduleRunCommand->handle()
#11 /home/sasusitcom/goly.link/vendor/laravel/framework/src/Illuminate/Container/Util.php(41): Illuminate\\Container\\BoundMethod::Illuminate\\Container\\{closure}()
#12 /home/sasusitcom/goly.link/vendor/laravel/framework/src/Illuminate/Container/BoundMethod.php(93): Illuminate\\Container\\Util::unwrapIfClosure()
#13 /home/sasusitcom/goly.link/vendor/laravel/framework/src/Illuminate/Container/BoundMethod.php(35): Illuminate\\Container\\BoundMethod::callBoundMethod()
#14 /home/sasusitcom/goly.link/vendor/laravel/framework/src/Illuminate/Container/Container.php(662): Illuminate\\Container\\BoundMethod::call()
#15 /home/sasusitcom/goly.link/vendor/laravel/framework/src/Illuminate/Console/Command.php(213): Illuminate\\Container\\Container->call()
#16 /home/sasusitcom/goly.link/vendor/symfony/console/Command/Command.php(279): Illuminate\\Console\\Command->execute()
#17 /home/sasusitcom/goly.link/vendor/laravel/framework/src/Illuminate/Console/Command.php(182): Symfony\\Component\\Console\\Command\\Command->run()
#18 /home/sasusitcom/goly.link/vendor/symfony/console/Application.php(1047): Illuminate\\Console\\Command->run()
#19 /home/sasusitcom/goly.link/vendor/symfony/console/Application.php(316): Symfony\\Component\\Console\\Application->doRunCommand()
#20 /home/sasusitcom/goly.link/vendor/symfony/console/Application.php(167): Symfony\\Component\\Console\\Application->doRun()
#21 /home/sasusitcom/goly.link/vendor/laravel/framework/src/Illuminate/Foundation/Console/Kernel.php(196): Symfony\\Component\\Console\\Application->run()
#22 /home/sasusitcom/goly.link/vendor/laravel/framework/src/Illuminate/Foundation/Application.php(1198): Illuminate\\Foundation\\Console\\Kernel->handle()
#23 /home/sasusitcom/goly.link/artisan(13): Illuminate\\Foundation\\Application->handleCommand()
#24 {main}
"} 
[2025-05-06 06:19:21] local.ERROR: SQLSTATE[42S02]: Base table or view not found: 1146 Table 'sasusitcom_goly_update.cache' doesn't exist (Connection: mysql, SQL: delete from `cache` where `key` = illuminate:schedule:interrupt) {"exception":"[object] (Illuminate\\Database\\QueryException(code: 42S02): SQLSTATE[42S02]: Base table or view not found: 1146 Table 'sasusitcom_goly_update.cache' doesn't exist (Connection: mysql, SQL: delete from `cache` where `key` = illuminate:schedule:interrupt) at /home/sasusitcom/goly.link/vendor/laravel/framework/src/Illuminate/Database/Connection.php:813)
[stacktrace]
#0 /home/sasusitcom/goly.link/vendor/laravel/framework/src/Illuminate/Database/Connection.php(767): Illuminate\\Database\\Connection->runQueryCallback()
#1 /home/sasusitcom/goly.link/vendor/laravel/framework/src/Illuminate/Database/Connection.php(584): Illuminate\\Database\\Connection->run()
#2 /home/sasusitcom/goly.link/vendor/laravel/framework/src/Illuminate/Database/Connection.php(548): Illuminate\\Database\\Connection->affectingStatement()
#3 /home/sasusitcom/goly.link/vendor/laravel/framework/src/Illuminate/Database/Query/Builder.php(3922): Illuminate\\Database\\Connection->delete()
#4 /home/sasusitcom/goly.link/vendor/laravel/framework/src/Illuminate/Cache/DatabaseStore.php(312): Illuminate\\Database\\Query\\Builder->delete()
#5 /home/sasusitcom/goly.link/vendor/laravel/framework/src/Illuminate/Cache/Repository.php(459): Illuminate\\Cache\\DatabaseStore->forget()
#6 /home/sasusitcom/goly.link/vendor/laravel/framework/src/Illuminate/Console/Scheduling/ScheduleRunCommand.php(278): Illuminate\\Cache\\Repository->forget()
#7 /home/sasusitcom/goly.link/vendor/laravel/framework/src/Illuminate/Console/Scheduling/ScheduleRunCommand.php(115): Illuminate\\Console\\Scheduling\\ScheduleRunCommand->clearInterruptSignal()
#8 /home/sasusitcom/goly.link/vendor/laravel/framework/src/Illuminate/Container/BoundMethod.php(36): Illuminate\\Console\\Scheduling\\ScheduleRunCommand->handle()
#9 /home/sasusitcom/goly.link/vendor/laravel/framework/src/Illuminate/Container/Util.php(41): Illuminate\\Container\\BoundMethod::Illuminate\\Container\\{closure}()
#10 /home/sasusitcom/goly.link/vendor/laravel/framework/src/Illuminate/Container/BoundMethod.php(93): Illuminate\\Container\\Util::unwrapIfClosure()
#11 /home/sasusitcom/goly.link/vendor/laravel/framework/src/Illuminate/Container/BoundMethod.php(35): Illuminate\\Container\\BoundMethod::callBoundMethod()
#12 /home/sasusitcom/goly.link/vendor/laravel/framework/src/Illuminate/Container/Container.php(662): Illuminate\\Container\\BoundMethod::call()
#13 /home/sasusitcom/goly.link/vendor/laravel/framework/src/Illuminate/Console/Command.php(213): Illuminate\\Container\\Container->call()
#14 /home/sasusitcom/goly.link/vendor/symfony/console/Command/Command.php(279): Illuminate\\Console\\Command->execute()
#15 /home/sasusitcom/goly.link/vendor/laravel/framework/src/Illuminate/Console/Command.php(182): Symfony\\Component\\Console\\Command\\Command->run()
#16 /home/sasusitcom/goly.link/vendor/symfony/console/Application.php(1047): Illuminate\\Console\\Command->run()
#17 /home/sasusitcom/goly.link/vendor/symfony/console/Application.php(316): Symfony\\Component\\Console\\Application->doRunCommand()
#18 /home/sasusitcom/goly.link/vendor/symfony/console/Application.php(167): Symfony\\Component\\Console\\Application->doRun()
#19 /home/sasusitcom/goly.link/vendor/laravel/framework/src/Illuminate/Foundation/Console/Kernel.php(196): Symfony\\Component\\Console\\Application->run()
#20 /home/sasusitcom/goly.link/vendor/laravel/framework/src/Illuminate/Foundation/Application.php(1198): Illuminate\\Foundation\\Console\\Kernel->handle()
#21 /home/sasusitcom/goly.link/artisan(13): Illuminate\\Foundation\\Application->handleCommand()
#22 {main}

[previous exception] [object] (PDOException(code: 42S02): SQLSTATE[42S02]: Base table or view not found: 1146 Table 'sasusitcom_goly_update.cache' doesn't exist at /home/sasusitcom/goly.link/vendor/laravel/framework/src/Illuminate/Database/Connection.php:592)
[stacktrace]
#0 /home/sasusitcom/goly.link/vendor/laravel/framework/src/Illuminate/Database/Connection.php(592): PDO->prepare()
#1 /home/sasusitcom/goly.link/vendor/laravel/framework/src/Illuminate/Database/Connection.php(800): Illuminate\\Database\\Connection->Illuminate\\Database\\{closure}()
#2 /home/sasusitcom/goly.link/vendor/laravel/framework/src/Illuminate/Database/Connection.php(767): Illuminate\\Database\\Connection->runQueryCallback()
#3 /home/sasusitcom/goly.link/vendor/laravel/framework/src/Illuminate/Database/Connection.php(584): Illuminate\\Database\\Connection->run()
#4 /home/sasusitcom/goly.link/vendor/laravel/framework/src/Illuminate/Database/Connection.php(548): Illuminate\\Database\\Connection->affectingStatement()
#5 /home/sasusitcom/goly.link/vendor/laravel/framework/src/Illuminate/Database/Query/Builder.php(3922): Illuminate\\Database\\Connection->delete()
#6 /home/sasusitcom/goly.link/vendor/laravel/framework/src/Illuminate/Cache/DatabaseStore.php(312): Illuminate\\Database\\Query\\Builder->delete()
#7 /home/sasusitcom/goly.link/vendor/laravel/framework/src/Illuminate/Cache/Repository.php(459): Illuminate\\Cache\\DatabaseStore->forget()
#8 /home/sasusitcom/goly.link/vendor/laravel/framework/src/Illuminate/Console/Scheduling/ScheduleRunCommand.php(278): Illuminate\\Cache\\Repository->forget()
#9 /home/sasusitcom/goly.link/vendor/laravel/framework/src/Illuminate/Console/Scheduling/ScheduleRunCommand.php(115): Illuminate\\Console\\Scheduling\\ScheduleRunCommand->clearInterruptSignal()
#10 /home/sasusitcom/goly.link/vendor/laravel/framework/src/Illuminate/Container/BoundMethod.php(36): Illuminate\\Console\\Scheduling\\ScheduleRunCommand->handle()
#11 /home/sasusitcom/goly.link/vendor/laravel/framework/src/Illuminate/Container/Util.php(41): Illuminate\\Container\\BoundMethod::Illuminate\\Container\\{closure}()
#12 /home/sasusitcom/goly.link/vendor/laravel/framework/src/Illuminate/Container/BoundMethod.php(93): Illuminate\\Container\\Util::unwrapIfClosure()
#13 /home/sasusitcom/goly.link/vendor/laravel/framework/src/Illuminate/Container/BoundMethod.php(35): Illuminate\\Container\\BoundMethod::callBoundMethod()
#14 /home/sasusitcom/goly.link/vendor/laravel/framework/src/Illuminate/Container/Container.php(662): Illuminate\\Container\\BoundMethod::call()
#15 /home/sasusitcom/goly.link/vendor/laravel/framework/src/Illuminate/Console/Command.php(213): Illuminate\\Container\\Container->call()
#16 /home/sasusitcom/goly.link/vendor/symfony/console/Command/Command.php(279): Illuminate\\Console\\Command->execute()
#17 /home/sasusitcom/goly.link/vendor/laravel/framework/src/Illuminate/Console/Command.php(182): Symfony\\Component\\Console\\Command\\Command->run()
#18 /home/sasusitcom/goly.link/vendor/symfony/console/Application.php(1047): Illuminate\\Console\\Command->run()
#19 /home/sasusitcom/goly.link/vendor/symfony/console/Application.php(316): Symfony\\Component\\Console\\Application->doRunCommand()
#20 /home/sasusitcom/goly.link/vendor/symfony/console/Application.php(167): Symfony\\Component\\Console\\Application->doRun()
#21 /home/sasusitcom/goly.link/vendor/laravel/framework/src/Illuminate/Foundation/Console/Kernel.php(196): Symfony\\Component\\Console\\Application->run()
#22 /home/sasusitcom/goly.link/vendor/laravel/framework/src/Illuminate/Foundation/Application.php(1198): Illuminate\\Foundation\\Console\\Kernel->handle()
#23 /home/sasusitcom/goly.link/artisan(13): Illuminate\\Foundation\\Application->handleCommand()
#24 {main}
"} 
[2025-05-06 06:20:19] local.ERROR: SQLSTATE[42S02]: Base table or view not found: 1146 Table 'sasusitcom_goly_update.cache' doesn't exist (Connection: mysql, SQL: delete from `cache` where `key` = illuminate:schedule:interrupt) {"exception":"[object] (Illuminate\\Database\\QueryException(code: 42S02): SQLSTATE[42S02]: Base table or view not found: 1146 Table 'sasusitcom_goly_update.cache' doesn't exist (Connection: mysql, SQL: delete from `cache` where `key` = illuminate:schedule:interrupt) at /home/sasusitcom/goly.link/vendor/laravel/framework/src/Illuminate/Database/Connection.php:813)
[stacktrace]
#0 /home/sasusitcom/goly.link/vendor/laravel/framework/src/Illuminate/Database/Connection.php(767): Illuminate\\Database\\Connection->runQueryCallback()
#1 /home/sasusitcom/goly.link/vendor/laravel/framework/src/Illuminate/Database/Connection.php(584): Illuminate\\Database\\Connection->run()
#2 /home/sasusitcom/goly.link/vendor/laravel/framework/src/Illuminate/Database/Connection.php(548): Illuminate\\Database\\Connection->affectingStatement()
#3 /home/sasusitcom/goly.link/vendor/laravel/framework/src/Illuminate/Database/Query/Builder.php(3922): Illuminate\\Database\\Connection->delete()
#4 /home/sasusitcom/goly.link/vendor/laravel/framework/src/Illuminate/Cache/DatabaseStore.php(312): Illuminate\\Database\\Query\\Builder->delete()
#5 /home/sasusitcom/goly.link/vendor/laravel/framework/src/Illuminate/Cache/Repository.php(459): Illuminate\\Cache\\DatabaseStore->forget()
#6 /home/sasusitcom/goly.link/vendor/laravel/framework/src/Illuminate/Console/Scheduling/ScheduleRunCommand.php(278): Illuminate\\Cache\\Repository->forget()
#7 /home/sasusitcom/goly.link/vendor/laravel/framework/src/Illuminate/Console/Scheduling/ScheduleRunCommand.php(115): Illuminate\\Console\\Scheduling\\ScheduleRunCommand->clearInterruptSignal()
#8 /home/sasusitcom/goly.link/vendor/laravel/framework/src/Illuminate/Container/BoundMethod.php(36): Illuminate\\Console\\Scheduling\\ScheduleRunCommand->handle()
#9 /home/sasusitcom/goly.link/vendor/laravel/framework/src/Illuminate/Container/Util.php(41): Illuminate\\Container\\BoundMethod::Illuminate\\Container\\{closure}()
#10 /home/sasusitcom/goly.link/vendor/laravel/framework/src/Illuminate/Container/BoundMethod.php(93): Illuminate\\Container\\Util::unwrapIfClosure()
#11 /home/sasusitcom/goly.link/vendor/laravel/framework/src/Illuminate/Container/BoundMethod.php(35): Illuminate\\Container\\BoundMethod::callBoundMethod()
#12 /home/sasusitcom/goly.link/vendor/laravel/framework/src/Illuminate/Container/Container.php(662): Illuminate\\Container\\BoundMethod::call()
#13 /home/sasusitcom/goly.link/vendor/laravel/framework/src/Illuminate/Console/Command.php(213): Illuminate\\Container\\Container->call()
#14 /home/sasusitcom/goly.link/vendor/symfony/console/Command/Command.php(279): Illuminate\\Console\\Command->execute()
#15 /home/sasusitcom/goly.link/vendor/laravel/framework/src/Illuminate/Console/Command.php(182): Symfony\\Component\\Console\\Command\\Command->run()
#16 /home/sasusitcom/goly.link/vendor/symfony/console/Application.php(1047): Illuminate\\Console\\Command->run()
#17 /home/sasusitcom/goly.link/vendor/symfony/console/Application.php(316): Symfony\\Component\\Console\\Application->doRunCommand()
#18 /home/sasusitcom/goly.link/vendor/symfony/console/Application.php(167): Symfony\\Component\\Console\\Application->doRun()
#19 /home/sasusitcom/goly.link/vendor/laravel/framework/src/Illuminate/Foundation/Console/Kernel.php(196): Symfony\\Component\\Console\\Application->run()
#20 /home/sasusitcom/goly.link/vendor/laravel/framework/src/Illuminate/Foundation/Application.php(1198): Illuminate\\Foundation\\Console\\Kernel->handle()
#21 /home/sasusitcom/goly.link/artisan(13): Illuminate\\Foundation\\Application->handleCommand()
#22 {main}

[previous exception] [object] (PDOException(code: 42S02): SQLSTATE[42S02]: Base table or view not found: 1146 Table 'sasusitcom_goly_update.cache' doesn't exist at /home/sasusitcom/goly.link/vendor/laravel/framework/src/Illuminate/Database/Connection.php:592)
[stacktrace]
#0 /home/sasusitcom/goly.link/vendor/laravel/framework/src/Illuminate/Database/Connection.php(592): PDO->prepare()
#1 /home/sasusitcom/goly.link/vendor/laravel/framework/src/Illuminate/Database/Connection.php(800): Illuminate\\Database\\Connection->Illuminate\\Database\\{closure}()
#2 /home/sasusitcom/goly.link/vendor/laravel/framework/src/Illuminate/Database/Connection.php(767): Illuminate\\Database\\Connection->runQueryCallback()
#3 /home/sasusitcom/goly.link/vendor/laravel/framework/src/Illuminate/Database/Connection.php(584): Illuminate\\Database\\Connection->run()
#4 /home/sasusitcom/goly.link/vendor/laravel/framework/src/Illuminate/Database/Connection.php(548): Illuminate\\Database\\Connection->affectingStatement()
#5 /home/sasusitcom/goly.link/vendor/laravel/framework/src/Illuminate/Database/Query/Builder.php(3922): Illuminate\\Database\\Connection->delete()
#6 /home/sasusitcom/goly.link/vendor/laravel/framework/src/Illuminate/Cache/DatabaseStore.php(312): Illuminate\\Database\\Query\\Builder->delete()
#7 /home/sasusitcom/goly.link/vendor/laravel/framework/src/Illuminate/Cache/Repository.php(459): Illuminate\\Cache\\DatabaseStore->forget()
#8 /home/sasusitcom/goly.link/vendor/laravel/framework/src/Illuminate/Console/Scheduling/ScheduleRunCommand.php(278): Illuminate\\Cache\\Repository->forget()
#9 /home/sasusitcom/goly.link/vendor/laravel/framework/src/Illuminate/Console/Scheduling/ScheduleRunCommand.php(115): Illuminate\\Console\\Scheduling\\ScheduleRunCommand->clearInterruptSignal()
#10 /home/sasusitcom/goly.link/vendor/laravel/framework/src/Illuminate/Container/BoundMethod.php(36): Illuminate\\Console\\Scheduling\\ScheduleRunCommand->handle()
#11 /home/sasusitcom/goly.link/vendor/laravel/framework/src/Illuminate/Container/Util.php(41): Illuminate\\Container\\BoundMethod::Illuminate\\Container\\{closure}()
#12 /home/sasusitcom/goly.link/vendor/laravel/framework/src/Illuminate/Container/BoundMethod.php(93): Illuminate\\Container\\Util::unwrapIfClosure()
#13 /home/sasusitcom/goly.link/vendor/laravel/framework/src/Illuminate/Container/BoundMethod.php(35): Illuminate\\Container\\BoundMethod::callBoundMethod()
#14 /home/sasusitcom/goly.link/vendor/laravel/framework/src/Illuminate/Container/Container.php(662): Illuminate\\Container\\BoundMethod::call()
#15 /home/sasusitcom/goly.link/vendor/laravel/framework/src/Illuminate/Console/Command.php(213): Illuminate\\Container\\Container->call()
#16 /home/sasusitcom/goly.link/vendor/symfony/console/Command/Command.php(279): Illuminate\\Console\\Command->execute()
#17 /home/sasusitcom/goly.link/vendor/laravel/framework/src/Illuminate/Console/Command.php(182): Symfony\\Component\\Console\\Command\\Command->run()
#18 /home/sasusitcom/goly.link/vendor/symfony/console/Application.php(1047): Illuminate\\Console\\Command->run()
#19 /home/sasusitcom/goly.link/vendor/symfony/console/Application.php(316): Symfony\\Component\\Console\\Application->doRunCommand()
#20 /home/sasusitcom/goly.link/vendor/symfony/console/Application.php(167): Symfony\\Component\\Console\\Application->doRun()
#21 /home/sasusitcom/goly.link/vendor/laravel/framework/src/Illuminate/Foundation/Console/Kernel.php(196): Symfony\\Component\\Console\\Application->run()
#22 /home/sasusitcom/goly.link/vendor/laravel/framework/src/Illuminate/Foundation/Application.php(1198): Illuminate\\Foundation\\Console\\Kernel->handle()
#23 /home/sasusitcom/goly.link/artisan(13): Illuminate\\Foundation\\Application->handleCommand()
#24 {main}
"} 
[2025-05-06 06:21:20] local.ERROR: SQLSTATE[42S02]: Base table or view not found: 1146 Table 'sasusitcom_goly_update.cache' doesn't exist (Connection: mysql, SQL: delete from `cache` where `key` = illuminate:schedule:interrupt) {"exception":"[object] (Illuminate\\Database\\QueryException(code: 42S02): SQLSTATE[42S02]: Base table or view not found: 1146 Table 'sasusitcom_goly_update.cache' doesn't exist (Connection: mysql, SQL: delete from `cache` where `key` = illuminate:schedule:interrupt) at /home/sasusitcom/goly.link/vendor/laravel/framework/src/Illuminate/Database/Connection.php:813)
[stacktrace]
#0 /home/sasusitcom/goly.link/vendor/laravel/framework/src/Illuminate/Database/Connection.php(767): Illuminate\\Database\\Connection->runQueryCallback()
#1 /home/sasusitcom/goly.link/vendor/laravel/framework/src/Illuminate/Database/Connection.php(584): Illuminate\\Database\\Connection->run()
#2 /home/sasusitcom/goly.link/vendor/laravel/framework/src/Illuminate/Database/Connection.php(548): Illuminate\\Database\\Connection->affectingStatement()
#3 /home/sasusitcom/goly.link/vendor/laravel/framework/src/Illuminate/Database/Query/Builder.php(3922): Illuminate\\Database\\Connection->delete()
#4 /home/sasusitcom/goly.link/vendor/laravel/framework/src/Illuminate/Cache/DatabaseStore.php(312): Illuminate\\Database\\Query\\Builder->delete()
#5 /home/sasusitcom/goly.link/vendor/laravel/framework/src/Illuminate/Cache/Repository.php(459): Illuminate\\Cache\\DatabaseStore->forget()
#6 /home/sasusitcom/goly.link/vendor/laravel/framework/src/Illuminate/Console/Scheduling/ScheduleRunCommand.php(278): Illuminate\\Cache\\Repository->forget()
#7 /home/sasusitcom/goly.link/vendor/laravel/framework/src/Illuminate/Console/Scheduling/ScheduleRunCommand.php(115): Illuminate\\Console\\Scheduling\\ScheduleRunCommand->clearInterruptSignal()
#8 /home/sasusitcom/goly.link/vendor/laravel/framework/src/Illuminate/Container/BoundMethod.php(36): Illuminate\\Console\\Scheduling\\ScheduleRunCommand->handle()
#9 /home/sasusitcom/goly.link/vendor/laravel/framework/src/Illuminate/Container/Util.php(41): Illuminate\\Container\\BoundMethod::Illuminate\\Container\\{closure}()
#10 /home/sasusitcom/goly.link/vendor/laravel/framework/src/Illuminate/Container/BoundMethod.php(93): Illuminate\\Container\\Util::unwrapIfClosure()
#11 /home/sasusitcom/goly.link/vendor/laravel/framework/src/Illuminate/Container/BoundMethod.php(35): Illuminate\\Container\\BoundMethod::callBoundMethod()
#12 /home/sasusitcom/goly.link/vendor/laravel/framework/src/Illuminate/Container/Container.php(662): Illuminate\\Container\\BoundMethod::call()
#13 /home/sasusitcom/goly.link/vendor/laravel/framework/src/Illuminate/Console/Command.php(213): Illuminate\\Container\\Container->call()
#14 /home/sasusitcom/goly.link/vendor/symfony/console/Command/Command.php(279): Illuminate\\Console\\Command->execute()
#15 /home/sasusitcom/goly.link/vendor/laravel/framework/src/Illuminate/Console/Command.php(182): Symfony\\Component\\Console\\Command\\Command->run()
#16 /home/sasusitcom/goly.link/vendor/symfony/console/Application.php(1047): Illuminate\\Console\\Command->run()
#17 /home/sasusitcom/goly.link/vendor/symfony/console/Application.php(316): Symfony\\Component\\Console\\Application->doRunCommand()
#18 /home/sasusitcom/goly.link/vendor/symfony/console/Application.php(167): Symfony\\Component\\Console\\Application->doRun()
#19 /home/sasusitcom/goly.link/vendor/laravel/framework/src/Illuminate/Foundation/Console/Kernel.php(196): Symfony\\Component\\Console\\Application->run()
#20 /home/sasusitcom/goly.link/vendor/laravel/framework/src/Illuminate/Foundation/Application.php(1198): Illuminate\\Foundation\\Console\\Kernel->handle()
#21 /home/sasusitcom/goly.link/artisan(13): Illuminate\\Foundation\\Application->handleCommand()
#22 {main}

[previous exception] [object] (PDOException(code: 42S02): SQLSTATE[42S02]: Base table or view not found: 1146 Table 'sasusitcom_goly_update.cache' doesn't exist at /home/sasusitcom/goly.link/vendor/laravel/framework/src/Illuminate/Database/Connection.php:592)
[stacktrace]
#0 /home/sasusitcom/goly.link/vendor/laravel/framework/src/Illuminate/Database/Connection.php(592): PDO->prepare()
#1 /home/sasusitcom/goly.link/vendor/laravel/framework/src/Illuminate/Database/Connection.php(800): Illuminate\\Database\\Connection->Illuminate\\Database\\{closure}()
#2 /home/sasusitcom/goly.link/vendor/laravel/framework/src/Illuminate/Database/Connection.php(767): Illuminate\\Database\\Connection->runQueryCallback()
#3 /home/sasusitcom/goly.link/vendor/laravel/framework/src/Illuminate/Database/Connection.php(584): Illuminate\\Database\\Connection->run()
#4 /home/sasusitcom/goly.link/vendor/laravel/framework/src/Illuminate/Database/Connection.php(548): Illuminate\\Database\\Connection->affectingStatement()
#5 /home/sasusitcom/goly.link/vendor/laravel/framework/src/Illuminate/Database/Query/Builder.php(3922): Illuminate\\Database\\Connection->delete()
#6 /home/sasusitcom/goly.link/vendor/laravel/framework/src/Illuminate/Cache/DatabaseStore.php(312): Illuminate\\Database\\Query\\Builder->delete()
#7 /home/sasusitcom/goly.link/vendor/laravel/framework/src/Illuminate/Cache/Repository.php(459): Illuminate\\Cache\\DatabaseStore->forget()
#8 /home/sasusitcom/goly.link/vendor/laravel/framework/src/Illuminate/Console/Scheduling/ScheduleRunCommand.php(278): Illuminate\\Cache\\Repository->forget()
#9 /home/sasusitcom/goly.link/vendor/laravel/framework/src/Illuminate/Console/Scheduling/ScheduleRunCommand.php(115): Illuminate\\Console\\Scheduling\\ScheduleRunCommand->clearInterruptSignal()
#10 /home/sasusitcom/goly.link/vendor/laravel/framework/src/Illuminate/Container/BoundMethod.php(36): Illuminate\\Console\\Scheduling\\ScheduleRunCommand->handle()
#11 /home/sasusitcom/goly.link/vendor/laravel/framework/src/Illuminate/Container/Util.php(41): Illuminate\\Container\\BoundMethod::Illuminate\\Container\\{closure}()
#12 /home/sasusitcom/goly.link/vendor/laravel/framework/src/Illuminate/Container/BoundMethod.php(93): Illuminate\\Container\\Util::unwrapIfClosure()
#13 /home/sasusitcom/goly.link/vendor/laravel/framework/src/Illuminate/Container/BoundMethod.php(35): Illuminate\\Container\\BoundMethod::callBoundMethod()
#14 /home/sasusitcom/goly.link/vendor/laravel/framework/src/Illuminate/Container/Container.php(662): Illuminate\\Container\\BoundMethod::call()
#15 /home/sasusitcom/goly.link/vendor/laravel/framework/src/Illuminate/Console/Command.php(213): Illuminate\\Container\\Container->call()
#16 /home/sasusitcom/goly.link/vendor/symfony/console/Command/Command.php(279): Illuminate\\Console\\Command->execute()
#17 /home/sasusitcom/goly.link/vendor/laravel/framework/src/Illuminate/Console/Command.php(182): Symfony\\Component\\Console\\Command\\Command->run()
#18 /home/sasusitcom/goly.link/vendor/symfony/console/Application.php(1047): Illuminate\\Console\\Command->run()
#19 /home/sasusitcom/goly.link/vendor/symfony/console/Application.php(316): Symfony\\Component\\Console\\Application->doRunCommand()
#20 /home/sasusitcom/goly.link/vendor/symfony/console/Application.php(167): Symfony\\Component\\Console\\Application->doRun()
#21 /home/sasusitcom/goly.link/vendor/laravel/framework/src/Illuminate/Foundation/Console/Kernel.php(196): Symfony\\Component\\Console\\Application->run()
#22 /home/sasusitcom/goly.link/vendor/laravel/framework/src/Illuminate/Foundation/Application.php(1198): Illuminate\\Foundation\\Console\\Kernel->handle()
#23 /home/sasusitcom/goly.link/artisan(13): Illuminate\\Foundation\\Application->handleCommand()
#24 {main}
"} 
[2025-05-06 06:36:19] local.ERROR: Attempt to read property "title" on null (View: /home/sasusitcom/goly.link/resources/views/frontend/socialPost/postManage.blade.php) {"exception":"[object] (Illuminate\\View\\ViewException(code: 0): Attempt to read property \"title\" on null (View: /home/sasusitcom/goly.link/resources/views/frontend/socialPost/postManage.blade.php) at /home/sasusitcom/goly.link/storage/framework/views/5fb053dfd75669562d2f8da4ddff6877.php:257)
[stacktrace]
#0 /home/sasusitcom/goly.link/vendor/laravel/framework/src/Illuminate/View/Engines/PhpEngine.php(60): Illuminate\\View\\Engines\\CompilerEngine->handleViewException()
#1 /home/sasusitcom/goly.link/vendor/laravel/framework/src/Illuminate/View/Engines/CompilerEngine.php(73): Illuminate\\View\\Engines\\PhpEngine->evaluatePath()
#2 /home/sasusitcom/goly.link/vendor/laravel/framework/src/Illuminate/View/View.php(208): Illuminate\\View\\Engines\\CompilerEngine->get()
#3 /home/sasusitcom/goly.link/vendor/laravel/framework/src/Illuminate/View/View.php(191): Illuminate\\View\\View->getContents()
#4 /home/sasusitcom/goly.link/vendor/laravel/framework/src/Illuminate/View/View.php(160): Illuminate\\View\\View->renderContents()
#5 /home/sasusitcom/goly.link/vendor/laravel/framework/src/Illuminate/Http/Response.php(70): Illuminate\\View\\View->render()
#6 /home/sasusitcom/goly.link/vendor/laravel/framework/src/Illuminate/Http/Response.php(35): Illuminate\\Http\\Response->setContent()
#7 /home/sasusitcom/goly.link/vendor/laravel/framework/src/Illuminate/Routing/Router.php(918): Illuminate\\Http\\Response->__construct()
#8 /home/sasusitcom/goly.link/vendor/laravel/framework/src/Illuminate/Routing/Router.php(885): Illuminate\\Routing\\Router::toResponse()
#9 /home/sasusitcom/goly.link/vendor/laravel/framework/src/Illuminate/Routing/Router.php(805): Illuminate\\Routing\\Router->prepareResponse()
#10 /home/sasusitcom/goly.link/vendor/laravel/framework/src/Illuminate/Pipeline/Pipeline.php(144): Illuminate\\Routing\\Router->Illuminate\\Routing\\{closure}()
#11 /home/sasusitcom/goly.link/app/Http/Middleware/authCheck.php(22): Illuminate\\Pipeline\\Pipeline->Illuminate\\Pipeline\\{closure}()
#12 /home/sasusitcom/goly.link/vendor/laravel/framework/src/Illuminate/Pipeline/Pipeline.php(183): App\\Http\\Middleware\\authCheck->handle()
#13 /home/sasusitcom/goly.link/vendor/laravel/framework/src/Illuminate/Routing/Middleware/SubstituteBindings.php(50): Illuminate\\Pipeline\\Pipeline->Illuminate\\Pipeline\\{closure}()
#14 /home/sasusitcom/goly.link/vendor/laravel/framework/src/Illuminate/Pipeline/Pipeline.php(183): Illuminate\\Routing\\Middleware\\SubstituteBindings->handle()
#15 /home/sasusitcom/goly.link/vendor/laravel/framework/src/Illuminate/Foundation/Http/Middleware/VerifyCsrfToken.php(88): Illuminate\\Pipeline\\Pipeline->Illuminate\\Pipeline\\{closure}()
#16 /home/sasusitcom/goly.link/vendor/laravel/framework/src/Illuminate/Pipeline/Pipeline.php(183): Illuminate\\Foundation\\Http\\Middleware\\VerifyCsrfToken->handle()
#17 /home/sasusitcom/goly.link/vendor/laravel/framework/src/Illuminate/View/Middleware/ShareErrorsFromSession.php(49): Illuminate\\Pipeline\\Pipeline->Illuminate\\Pipeline\\{closure}()
#18 /home/sasusitcom/goly.link/vendor/laravel/framework/src/Illuminate/Pipeline/Pipeline.php(183): Illuminate\\View\\Middleware\\ShareErrorsFromSession->handle()
#19 /home/sasusitcom/goly.link/vendor/laravel/framework/src/Illuminate/Session/Middleware/StartSession.php(121): Illuminate\\Pipeline\\Pipeline->Illuminate\\Pipeline\\{closure}()
#20 /home/sasusitcom/goly.link/vendor/laravel/framework/src/Illuminate/Session/Middleware/StartSession.php(64): Illuminate\\Session\\Middleware\\StartSession->handleStatefulRequest()
#21 /home/sasusitcom/goly.link/vendor/laravel/framework/src/Illuminate/Pipeline/Pipeline.php(183): Illuminate\\Session\\Middleware\\StartSession->handle()
#22 /home/sasusitcom/goly.link/vendor/laravel/framework/src/Illuminate/Cookie/Middleware/AddQueuedCookiesToResponse.php(37): Illuminate\\Pipeline\\Pipeline->Illuminate\\Pipeline\\{closure}()
#23 /home/sasusitcom/goly.link/vendor/laravel/framework/src/Illuminate/Pipeline/Pipeline.php(183): Illuminate\\Cookie\\Middleware\\AddQueuedCookiesToResponse->handle()
#24 /home/sasusitcom/goly.link/vendor/laravel/framework/src/Illuminate/Cookie/Middleware/EncryptCookies.php(75): Illuminate\\Pipeline\\Pipeline->Illuminate\\Pipeline\\{closure}()
#25 /home/sasusitcom/goly.link/vendor/laravel/framework/src/Illuminate/Pipeline/Pipeline.php(183): Illuminate\\Cookie\\Middleware\\EncryptCookies->handle()
#26 /home/sasusitcom/goly.link/vendor/laravel/framework/src/Illuminate/Pipeline/Pipeline.php(119): Illuminate\\Pipeline\\Pipeline->Illuminate\\Pipeline\\{closure}()
#27 /home/sasusitcom/goly.link/vendor/laravel/framework/src/Illuminate/Routing/Router.php(805): Illuminate\\Pipeline\\Pipeline->then()
#28 /home/sasusitcom/goly.link/vendor/laravel/framework/src/Illuminate/Routing/Router.php(784): Illuminate\\Routing\\Router->runRouteWithinStack()
#29 /home/sasusitcom/goly.link/vendor/laravel/framework/src/Illuminate/Routing/Router.php(748): Illuminate\\Routing\\Router->runRoute()
#30 /home/sasusitcom/goly.link/vendor/laravel/framework/src/Illuminate/Routing/Router.php(737): Illuminate\\Routing\\Router->dispatchToRoute()
#31 /home/sasusitcom/goly.link/vendor/laravel/framework/src/Illuminate/Foundation/Http/Kernel.php(200): Illuminate\\Routing\\Router->dispatch()
#32 /home/sasusitcom/goly.link/vendor/laravel/framework/src/Illuminate/Pipeline/Pipeline.php(144): Illuminate\\Foundation\\Http\\Kernel->Illuminate\\Foundation\\Http\\{closure}()
#33 /home/sasusitcom/goly.link/vendor/laravel/framework/src/Illuminate/Foundation/Http/Middleware/TransformsRequest.php(21): Illuminate\\Pipeline\\Pipeline->Illuminate\\Pipeline\\{closure}()
#34 /home/sasusitcom/goly.link/vendor/laravel/framework/src/Illuminate/Foundation/Http/Middleware/ConvertEmptyStringsToNull.php(31): Illuminate\\Foundation\\Http\\Middleware\\TransformsRequest->handle()
#35 /home/sasusitcom/goly.link/vendor/laravel/framework/src/Illuminate/Pipeline/Pipeline.php(183): Illuminate\\Foundation\\Http\\Middleware\\ConvertEmptyStringsToNull->handle()
#36 /home/sasusitcom/goly.link/vendor/laravel/framework/src/Illuminate/Foundation/Http/Middleware/TransformsRequest.php(21): Illuminate\\Pipeline\\Pipeline->Illuminate\\Pipeline\\{closure}()
#37 /home/sasusitcom/goly.link/vendor/laravel/framework/src/Illuminate/Foundation/Http/Middleware/TrimStrings.php(51): Illuminate\\Foundation\\Http\\Middleware\\TransformsRequest->handle()
#38 /home/sasusitcom/goly.link/vendor/laravel/framework/src/Illuminate/Pipeline/Pipeline.php(183): Illuminate\\Foundation\\Http\\Middleware\\TrimStrings->handle()
#39 /home/sasusitcom/goly.link/vendor/laravel/framework/src/Illuminate/Http/Middleware/ValidatePostSize.php(27): Illuminate\\Pipeline\\Pipeline->Illuminate\\Pipeline\\{closure}()
#40 /home/sasusitcom/goly.link/vendor/laravel/framework/src/Illuminate/Pipeline/Pipeline.php(183): Illuminate\\Http\\Middleware\\ValidatePostSize->handle()
#41 /home/sasusitcom/goly.link/vendor/laravel/framework/src/Illuminate/Foundation/Http/Middleware/PreventRequestsDuringMaintenance.php(110): Illuminate\\Pipeline\\Pipeline->Illuminate\\Pipeline\\{closure}()
#42 /home/sasusitcom/goly.link/vendor/laravel/framework/src/Illuminate/Pipeline/Pipeline.php(183): Illuminate\\Foundation\\Http\\Middleware\\PreventRequestsDuringMaintenance->handle()
#43 /home/sasusitcom/goly.link/vendor/laravel/framework/src/Illuminate/Http/Middleware/HandleCors.php(49): Illuminate\\Pipeline\\Pipeline->Illuminate\\Pipeline\\{closure}()
#44 /home/sasusitcom/goly.link/vendor/laravel/framework/src/Illuminate/Pipeline/Pipeline.php(183): Illuminate\\Http\\Middleware\\HandleCors->handle()
#45 /home/sasusitcom/goly.link/vendor/laravel/framework/src/Illuminate/Http/Middleware/TrustProxies.php(57): Illuminate\\Pipeline\\Pipeline->Illuminate\\Pipeline\\{closure}()
#46 /home/sasusitcom/goly.link/vendor/laravel/framework/src/Illuminate/Pipeline/Pipeline.php(183): Illuminate\\Http\\Middleware\\TrustProxies->handle()
#47 /home/sasusitcom/goly.link/vendor/laravel/framework/src/Illuminate/Pipeline/Pipeline.php(119): Illuminate\\Pipeline\\Pipeline->Illuminate\\Pipeline\\{closure}()
#48 /home/sasusitcom/goly.link/vendor/laravel/framework/src/Illuminate/Foundation/Http/Kernel.php(175): Illuminate\\Pipeline\\Pipeline->then()
#49 /home/sasusitcom/goly.link/vendor/laravel/framework/src/Illuminate/Foundation/Http/Kernel.php(144): Illuminate\\Foundation\\Http\\Kernel->sendRequestThroughRouter()
#50 /home/sasusitcom/goly.link/vendor/laravel/framework/src/Illuminate/Foundation/Application.php(1183): Illuminate\\Foundation\\Http\\Kernel->handle()
#51 /home/sasusitcom/goly.link/public/index.php(17): Illuminate\\Foundation\\Application->handleRequest()
#52 {main}

[previous exception] [object] (ErrorException(code: 0): Attempt to read property \"title\" on null at /home/sasusitcom/goly.link/storage/framework/views/5fb053dfd75669562d2f8da4ddff6877.php:257)
[stacktrace]
#0 /home/sasusitcom/goly.link/vendor/laravel/framework/src/Illuminate/Foundation/Bootstrap/HandleExceptions.php(256): Illuminate\\Foundation\\Bootstrap\\HandleExceptions->handleError()
#1 /home/sasusitcom/goly.link/storage/framework/views/5fb053dfd75669562d2f8da4ddff6877.php(257): Illuminate\\Foundation\\Bootstrap\\HandleExceptions->Illuminate\\Foundation\\Bootstrap\\{closure}()
#2 /home/sasusitcom/goly.link/vendor/laravel/framework/src/Illuminate/Filesystem/Filesystem.php(123): require('/home/sasusitco...')
#3 /home/sasusitcom/goly.link/vendor/laravel/framework/src/Illuminate/Filesystem/Filesystem.php(124): Illuminate\\Filesystem\\Filesystem::Illuminate\\Filesystem\\{closure}()
#4 /home/sasusitcom/goly.link/vendor/laravel/framework/src/Illuminate/View/Engines/PhpEngine.php(58): Illuminate\\Filesystem\\Filesystem->getRequire()
#5 /home/sasusitcom/goly.link/vendor/laravel/framework/src/Illuminate/View/Engines/CompilerEngine.php(73): Illuminate\\View\\Engines\\PhpEngine->evaluatePath()
#6 /home/sasusitcom/goly.link/vendor/laravel/framework/src/Illuminate/View/View.php(208): Illuminate\\View\\Engines\\CompilerEngine->get()
#7 /home/sasusitcom/goly.link/vendor/laravel/framework/src/Illuminate/View/View.php(191): Illuminate\\View\\View->getContents()
#8 /home/sasusitcom/goly.link/vendor/laravel/framework/src/Illuminate/View/View.php(160): Illuminate\\View\\View->renderContents()
#9 /home/sasusitcom/goly.link/vendor/laravel/framework/src/Illuminate/Http/Response.php(70): Illuminate\\View\\View->render()
#10 /home/sasusitcom/goly.link/vendor/laravel/framework/src/Illuminate/Http/Response.php(35): Illuminate\\Http\\Response->setContent()
#11 /home/sasusitcom/goly.link/vendor/laravel/framework/src/Illuminate/Routing/Router.php(918): Illuminate\\Http\\Response->__construct()
#12 /home/sasusitcom/goly.link/vendor/laravel/framework/src/Illuminate/Routing/Router.php(885): Illuminate\\Routing\\Router::toResponse()
#13 /home/sasusitcom/goly.link/vendor/laravel/framework/src/Illuminate/Routing/Router.php(805): Illuminate\\Routing\\Router->prepareResponse()
#14 /home/sasusitcom/goly.link/vendor/laravel/framework/src/Illuminate/Pipeline/Pipeline.php(144): Illuminate\\Routing\\Router->Illuminate\\Routing\\{closure}()
#15 /home/sasusitcom/goly.link/app/Http/Middleware/authCheck.php(22): Illuminate\\Pipeline\\Pipeline->Illuminate\\Pipeline\\{closure}()
#16 /home/sasusitcom/goly.link/vendor/laravel/framework/src/Illuminate/Pipeline/Pipeline.php(183): App\\Http\\Middleware\\authCheck->handle()
#17 /home/sasusitcom/goly.link/vendor/laravel/framework/src/Illuminate/Routing/Middleware/SubstituteBindings.php(50): Illuminate\\Pipeline\\Pipeline->Illuminate\\Pipeline\\{closure}()
#18 /home/sasusitcom/goly.link/vendor/laravel/framework/src/Illuminate/Pipeline/Pipeline.php(183): Illuminate\\Routing\\Middleware\\SubstituteBindings->handle()
#19 /home/sasusitcom/goly.link/vendor/laravel/framework/src/Illuminate/Foundation/Http/Middleware/VerifyCsrfToken.php(88): Illuminate\\Pipeline\\Pipeline->Illuminate\\Pipeline\\{closure}()
#20 /home/sasusitcom/goly.link/vendor/laravel/framework/src/Illuminate/Pipeline/Pipeline.php(183): Illuminate\\Foundation\\Http\\Middleware\\VerifyCsrfToken->handle()
#21 /home/sasusitcom/goly.link/vendor/laravel/framework/src/Illuminate/View/Middleware/ShareErrorsFromSession.php(49): Illuminate\\Pipeline\\Pipeline->Illuminate\\Pipeline\\{closure}()
#22 /home/sasusitcom/goly.link/vendor/laravel/framework/src/Illuminate/Pipeline/Pipeline.php(183): Illuminate\\View\\Middleware\\ShareErrorsFromSession->handle()
#23 /home/sasusitcom/goly.link/vendor/laravel/framework/src/Illuminate/Session/Middleware/StartSession.php(121): Illuminate\\Pipeline\\Pipeline->Illuminate\\Pipeline\\{closure}()
#24 /home/sasusitcom/goly.link/vendor/laravel/framework/src/Illuminate/Session/Middleware/StartSession.php(64): Illuminate\\Session\\Middleware\\StartSession->handleStatefulRequest()
#25 /home/sasusitcom/goly.link/vendor/laravel/framework/src/Illuminate/Pipeline/Pipeline.php(183): Illuminate\\Session\\Middleware\\StartSession->handle()
#26 /home/sasusitcom/goly.link/vendor/laravel/framework/src/Illuminate/Cookie/Middleware/AddQueuedCookiesToResponse.php(37): Illuminate\\Pipeline\\Pipeline->Illuminate\\Pipeline\\{closure}()
#27 /home/sasusitcom/goly.link/vendor/laravel/framework/src/Illuminate/Pipeline/Pipeline.php(183): Illuminate\\Cookie\\Middleware\\AddQueuedCookiesToResponse->handle()
#28 /home/sasusitcom/goly.link/vendor/laravel/framework/src/Illuminate/Cookie/Middleware/EncryptCookies.php(75): Illuminate\\Pipeline\\Pipeline->Illuminate\\Pipeline\\{closure}()
#29 /home/sasusitcom/goly.link/vendor/laravel/framework/src/Illuminate/Pipeline/Pipeline.php(183): Illuminate\\Cookie\\Middleware\\EncryptCookies->handle()
#30 /home/sasusitcom/goly.link/vendor/laravel/framework/src/Illuminate/Pipeline/Pipeline.php(119): Illuminate\\Pipeline\\Pipeline->Illuminate\\Pipeline\\{closure}()
#31 /home/sasusitcom/goly.link/vendor/laravel/framework/src/Illuminate/Routing/Router.php(805): Illuminate\\Pipeline\\Pipeline->then()
#32 /home/sasusitcom/goly.link/vendor/laravel/framework/src/Illuminate/Routing/Router.php(784): Illuminate\\Routing\\Router->runRouteWithinStack()
#33 /home/sasusitcom/goly.link/vendor/laravel/framework/src/Illuminate/Routing/Router.php(748): Illuminate\\Routing\\Router->runRoute()
#34 /home/sasusitcom/goly.link/vendor/laravel/framework/src/Illuminate/Routing/Router.php(737): Illuminate\\Routing\\Router->dispatchToRoute()
#35 /home/sasusitcom/goly.link/vendor/laravel/framework/src/Illuminate/Foundation/Http/Kernel.php(200): Illuminate\\Routing\\Router->dispatch()
#36 /home/sasusitcom/goly.link/vendor/laravel/framework/src/Illuminate/Pipeline/Pipeline.php(144): Illuminate\\Foundation\\Http\\Kernel->Illuminate\\Foundation\\Http\\{closure}()
#37 /home/sasusitcom/goly.link/vendor/laravel/framework/src/Illuminate/Foundation/Http/Middleware/TransformsRequest.php(21): Illuminate\\Pipeline\\Pipeline->Illuminate\\Pipeline\\{closure}()
#38 /home/sasusitcom/goly.link/vendor/laravel/framework/src/Illuminate/Foundation/Http/Middleware/ConvertEmptyStringsToNull.php(31): Illuminate\\Foundation\\Http\\Middleware\\TransformsRequest->handle()
#39 /home/sasusitcom/goly.link/vendor/laravel/framework/src/Illuminate/Pipeline/Pipeline.php(183): Illuminate\\Foundation\\Http\\Middleware\\ConvertEmptyStringsToNull->handle()
#40 /home/sasusitcom/goly.link/vendor/laravel/framework/src/Illuminate/Foundation/Http/Middleware/TransformsRequest.php(21): Illuminate\\Pipeline\\Pipeline->Illuminate\\Pipeline\\{closure}()
#41 /home/sasusitcom/goly.link/vendor/laravel/framework/src/Illuminate/Foundation/Http/Middleware/TrimStrings.php(51): Illuminate\\Foundation\\Http\\Middleware\\TransformsRequest->handle()
#42 /home/sasusitcom/goly.link/vendor/laravel/framework/src/Illuminate/Pipeline/Pipeline.php(183): Illuminate\\Foundation\\Http\\Middleware\\TrimStrings->handle()
#43 /home/sasusitcom/goly.link/vendor/laravel/framework/src/Illuminate/Http/Middleware/ValidatePostSize.php(27): Illuminate\\Pipeline\\Pipeline->Illuminate\\Pipeline\\{closure}()
#44 /home/sasusitcom/goly.link/vendor/laravel/framework/src/Illuminate/Pipeline/Pipeline.php(183): Illuminate\\Http\\Middleware\\ValidatePostSize->handle()
#45 /home/sasusitcom/goly.link/vendor/laravel/framework/src/Illuminate/Foundation/Http/Middleware/PreventRequestsDuringMaintenance.php(110): Illuminate\\Pipeline\\Pipeline->Illuminate\\Pipeline\\{closure}()
#46 /home/sasusitcom/goly.link/vendor/laravel/framework/src/Illuminate/Pipeline/Pipeline.php(183): Illuminate\\Foundation\\Http\\Middleware\\PreventRequestsDuringMaintenance->handle()
#47 /home/sasusitcom/goly.link/vendor/laravel/framework/src/Illuminate/Http/Middleware/HandleCors.php(49): Illuminate\\Pipeline\\Pipeline->Illuminate\\Pipeline\\{closure}()
#48 /home/sasusitcom/goly.link/vendor/laravel/framework/src/Illuminate/Pipeline/Pipeline.php(183): Illuminate\\Http\\Middleware\\HandleCors->handle()
#49 /home/sasusitcom/goly.link/vendor/laravel/framework/src/Illuminate/Http/Middleware/TrustProxies.php(57): Illuminate\\Pipeline\\Pipeline->Illuminate\\Pipeline\\{closure}()
#50 /home/sasusitcom/goly.link/vendor/laravel/framework/src/Illuminate/Pipeline/Pipeline.php(183): Illuminate\\Http\\Middleware\\TrustProxies->handle()
#51 /home/sasusitcom/goly.link/vendor/laravel/framework/src/Illuminate/Pipeline/Pipeline.php(119): Illuminate\\Pipeline\\Pipeline->Illuminate\\Pipeline\\{closure}()
#52 /home/sasusitcom/goly.link/vendor/laravel/framework/src/Illuminate/Foundation/Http/Kernel.php(175): Illuminate\\Pipeline\\Pipeline->then()
#53 /home/sasusitcom/goly.link/vendor/laravel/framework/src/Illuminate/Foundation/Http/Kernel.php(144): Illuminate\\Foundation\\Http\\Kernel->sendRequestThroughRouter()
#54 /home/sasusitcom/goly.link/vendor/laravel/framework/src/Illuminate/Foundation/Application.php(1183): Illuminate\\Foundation\\Http\\Kernel->handle()
#55 /home/sasusitcom/goly.link/public/index.php(17): Illuminate\\Foundation\\Application->handleRequest()
#56 {main}
"} 
